2016-02-16T03:10:57.054+0000 I CONTROL  [initandlisten] MongoDB starting : pid=13685 port=27017 dbpath=/data/db 64-bit host=ip-10-0-0-47
2016-02-16T03:10:57.057+0000 I CONTROL  [initandlisten] db version v3.2.1
2016-02-16T03:10:57.057+0000 I CONTROL  [initandlisten] git version: a14d55980c2cdc565d4704a7e3ad37e4e535c1b2
2016-02-16T03:10:57.057+0000 I CONTROL  [initandlisten] OpenSSL version: OpenSSL 1.0.1f 6 Jan 2014
2016-02-16T03:10:57.057+0000 I CONTROL  [initandlisten] allocator: tcmalloc
2016-02-16T03:10:57.057+0000 I CONTROL  [initandlisten] modules: none
2016-02-16T03:10:57.057+0000 I CONTROL  [initandlisten] build environment:
2016-02-16T03:10:57.057+0000 I CONTROL  [initandlisten]     distmod: ubuntu1404
2016-02-16T03:10:57.057+0000 I CONTROL  [initandlisten]     distarch: x86_64
2016-02-16T03:10:57.057+0000 I CONTROL  [initandlisten]     target_arch: x86_64
2016-02-16T03:10:57.057+0000 I CONTROL  [initandlisten] options: {}
2016-02-16T03:10:57.087+0000 I -        [initandlisten] Detected data files in /data/db created by the 'wiredTiger' storage engine, so setting the active storage engine to 'wiredTiger'.
2016-02-16T03:10:57.092+0000 I STORAGE  [initandlisten] wiredtiger_open config: create,cache_size=1G,session_max=20000,eviction=(threads_max=4),config_base=false,statistics=(fast),log=(enabled=true,archive=true,path=journal,compressor=snappy),file_manager=(close_idle_time=100000),checkpoint=(wait=60,log_size=2GB),statistics_log=(wait=0),
2016-02-16T03:10:57.292+0000 I CONTROL  [initandlisten] ** WARNING: You are running this process as the root user, which is not recommended.
2016-02-16T03:10:57.295+0000 I CONTROL  [initandlisten] 
2016-02-16T03:10:57.295+0000 I CONTROL  [initandlisten] 
2016-02-16T03:10:57.295+0000 I CONTROL  [initandlisten] ** WARNING: /sys/kernel/mm/transparent_hugepage/enabled is 'always'.
2016-02-16T03:10:57.295+0000 I CONTROL  [initandlisten] **        We suggest setting it to 'never'
2016-02-16T03:10:57.295+0000 I CONTROL  [initandlisten] 
2016-02-16T03:10:57.295+0000 I CONTROL  [initandlisten] ** WARNING: /sys/kernel/mm/transparent_hugepage/defrag is 'always'.
2016-02-16T03:10:57.295+0000 I CONTROL  [initandlisten] **        We suggest setting it to 'never'
2016-02-16T03:10:57.295+0000 I CONTROL  [initandlisten] 
2016-02-16T03:10:57.296+0000 I FTDC     [initandlisten] Initializing full-time diagnostic data capture with directory '/data/db/diagnostic.data'
2016-02-16T03:10:57.298+0000 I NETWORK  [initandlisten] waiting for connections on port 27017
2016-02-16T03:10:57.298+0000 I NETWORK  [HostnameCanonicalizationWorker] Starting hostname canonicalization worker
2016-02-16T03:11:03.166+0000 I CONTROL  [signalProcessingThread] got signal 2 (Interrupt), will terminate after current cmd ends
2016-02-16T03:11:03.169+0000 I FTDC     [signalProcessingThread] Shutting down full-time diagnostic data capture
2016-02-16T03:11:03.171+0000 I CONTROL  [signalProcessingThread] now exiting
2016-02-16T03:11:03.171+0000 I NETWORK  [signalProcessingThread] shutdown: going to close listening sockets...
2016-02-16T03:11:03.171+0000 I NETWORK  [signalProcessingThread] closing listening socket: 5
2016-02-16T03:11:03.171+0000 I NETWORK  [signalProcessingThread] closing listening socket: 6
2016-02-16T03:11:03.171+0000 I NETWORK  [signalProcessingThread] removing socket file: /tmp/mongodb-27017.sock
2016-02-16T03:11:03.171+0000 I NETWORK  [signalProcessingThread] shutdown: going to flush diaglog...
2016-02-16T03:11:03.171+0000 I NETWORK  [signalProcessingThread] shutdown: going to close sockets...
2016-02-16T03:11:03.171+0000 I STORAGE  [signalProcessingThread] WiredTigerKVEngine shutting down
2016-02-16T03:11:03.214+0000 I STORAGE  [signalProcessingThread] shutdown: removing fs lock...
2016-02-16T03:11:03.214+0000 I CONTROL  [signalProcessingThread] dbexit:  rc: 0
